<?xml version="1.0" encoding="UTF-8"?>
<testsuite name="TestTheFunctionWith" tests="2" skipped="0" failures="0" errors="0" timestamp="2024-09-18T10:25:17" hostname="ACERNITRO5P" time="0.011">
  <properties/>
  <testcase name="testCreateString" classname="TestTheFunctionWith" time="0.009"/>
  <testcase name="testCreateMap" classname="TestTheFunctionWith" time="0.001"/>
  <system-out><![CDATA[]]></system-out>
  <system-err><![CDATA[]]></system-err>
</testsuite>
