<?xml version="1.0" encoding="UTF-8"?>
<testsuite name="TestHtmlBuilders" tests="2" skipped="0" failures="0" errors="0" timestamp="2024-09-18T10:29:37" hostname="ACERNITRO5P" time="0.051">
  <properties/>
  <testcase name="productTableIsColored" classname="TestHtmlBuilders" time="0.042"/>
  <testcase name="productTableIsFilled" classname="TestHtmlBuilders" time="0.008"/>
  <system-out><![CDATA[]]></system-out>
  <system-err><![CDATA[]]></system-err>
</testsuite>
