<?xml version="1.0" encoding="UTF-8"?>
<testsuite name="HtmlDslTest" tests="3" skipped="0" failures="0" errors="0" timestamp="2024-09-18T10:32:03" hostname="ACERNITRO5P" time="0.027">
  <properties/>
  <testcase name="testSample" classname="HtmlDslTest" time="0.022"/>
  <testcase name="testTable1" classname="HtmlDslTest" time="0.003"/>
  <testcase name="testTable2" classname="HtmlDslTest" time="0.002"/>
  <system-out><![CDATA[]]></system-out>
  <system-err><![CDATA[]]></system-err>
</testsuite>
