<?xml version="1.0" encoding="UTF-8"?>
<testsuite name="Test" tests="1" skipped="0" failures="0" errors="0" timestamp="2024-08-27T12:19:57" hostname="ACERNITRO5P" time="0.022">
  <properties/>
  <testcase name="testRandom" classname="Test" time="0.022"/>
  <system-out><![CDATA[]]></system-out>
  <system-err><![CDATA[]]></system-err>
</testsuite>
