<?xml version="1.0" encoding="UTF-8"?>
<testsuite name="TestLazyProperty" tests="2" skipped="0" failures="0" errors="0" timestamp="2024-09-18T10:05:35" hostname="ACERNITRO5P" time="0.01">
  <properties/>
  <testcase name="testLazy" classname="TestLazyProperty" time="0.008"/>
  <testcase name="initializedOnce" classname="TestLazyProperty" time="0.001"/>
  <system-out><![CDATA[]]></system-out>
  <system-err><![CDATA[]]></system-err>
</testsuite>
