<?xml version="1.0" encoding="UTF-8"?>
<testsuite name="TestSum" tests="2" skipped="0" failures="0" errors="0" timestamp="2024-09-18T09:35:51" hostname="ACERNITRO5P" time="0.038">
  <properties/>
  <testcase name="testGetTotalOrderPrice" classname="TestSum" time="0.037"/>
  <testcase name="testGetTotalOrderPrice1" classname="TestSum" time="0.001"/>
  <system-out><![CDATA[]]></system-out>
  <system-err><![CDATA[]]></system-err>
</testsuite>
