<?xml version="1.0" encoding="UTF-8"?>
<testsuite name="TestGroupBy" tests="1" skipped="0" failures="0" errors="0" timestamp="2024-09-18T09:23:03" hostname="ACERNITRO5P" time="0.072">
  <properties/>
  <testcase name="testGroupCustomersByCity" classname="TestGroupBy" time="0.072"/>
  <system-out><![CDATA[]]></system-out>
  <system-err><![CDATA[]]></system-err>
</testsuite>
