<?xml version="1.0" encoding="UTF-8"?>
<testsuite name="TestDelegatesHowItWorks" tests="1" skipped="0" failures="0" errors="0" timestamp="2024-09-18T10:12:07" hostname="ACERNITRO5P" time="0.022">
  <properties/>
  <testcase name="testDate" classname="TestDelegatesHowItWorks" time="0.022"/>
  <system-out><![CDATA[]]></system-out>
  <system-err><![CDATA[]]></system-err>
</testsuite>
