<?xml version="1.0" encoding="UTF-8"?>
<testsuite name="TestForLoop" tests="2" skipped="0" failures="0" errors="0" timestamp="2024-09-10T04:31:40" hostname="ACERNITRO5P" time="0.018">
  <properties/>
  <testcase name="testIterateOverDateRange" classname="TestForLoop" time="0.015"/>
  <testcase name="testIterateOverEmptyRange" classname="TestForLoop" time="0.002"/>
  <system-out><![CDATA[]]></system-out>
  <system-err><![CDATA[]]></system-err>
</testsuite>
