<?xml version="1.0" encoding="UTF-8"?>
<testsuite name="TestDataClasses" tests="2" skipped="0" failures="0" errors="0" timestamp="2024-08-27T12:01:45" hostname="ACERNITRO5P" time="0.017">
  <properties/>
  <testcase name="testComparePeople" classname="TestDataClasses" time="0.004"/>
  <testcase name="testListOfPeople" classname="TestDataClasses" time="0.013"/>
  <system-out><![CDATA[]]></system-out>
  <system-err><![CDATA[]]></system-err>
</testsuite>
