<?xml version="1.0" encoding="UTF-8"?>
<testsuite name="TestFlatMap" tests="2" skipped="0" failures="0" errors="0" timestamp="2024-09-18T09:26:12" hostname="ACERNITRO5P" time="0.055">
  <properties/>
  <testcase name="testGetOrderedProductsSet" classname="TestFlatMap" time="0.051"/>
  <testcase name="testGetAllOrderedProducts" classname="TestFlatMap" time="0.004"/>
  <system-out><![CDATA[]]></system-out>
  <system-err><![CDATA[]]></system-err>
</testsuite>
